<?xml version='1.0' encoding='UTF-8'?>
<testsuite hostname="codespaces-a3f0f1" name="dinocpu.SmallTestsTesterLab4" tests="187" errors="0" failures="0" skipped="0" time="133.363" timestamp="2023-05-31T00:34:21">
                     <properties>
[...]
</properties>
                     <testcase classname="dinocpu.SmallTestsTesterLab4" name="Non-Combinational Pipelined CPU should run rtype add1" time="3.073">
                                                 
                                               </testcase><testcase classname="dinocpu.SmallTestsTesterLab4" name="Non-Combinational Pipelined CPU should run rtype add2" time="1.121">
                                                 
                                               </testcase><testcase classname="dinocpu.SmallTestsTesterLab4" name="Non-Combinational Pipelined CPU should run rtype add0" time="1.053">
                                                 
                                               </testcase><testcase classname="dinocpu.SmallTestsTesterLab4" name="Non-Combinational Pipelined CPU should run rtype addw1" time="0.951">
                                                 
                                               </testcase><testcase classname="dinocpu.SmallTestsTesterLab4" name="Non-Combinational Pipelined CPU should run rtype addw2" time="0.912">
                                                 
                                               </testcase><testcase classname="dinocpu.SmallTestsTesterLab4" name="Non-Combinational Pipelined CPU should run rtype addw3" time="0.832">
                                                 
                                               </testcase><testcase classname="dinocpu.SmallTestsTesterLab4" name="Non-Combinational Pipelined CPU should run rtype or" time="0.825">
                                                 
                                               </testcase><testcase classname="dinocpu.SmallTestsTesterLab4" name="Non-Combinational Pipelined CPU should run rtype sub" time="0.785">
                                                 
                                               </testcase><testcase classname="dinocpu.SmallTestsTesterLab4" name="Non-Combinational Pipelined CPU should run rtype subw1" time="0.812">
                                                 
                                               </testcase><testcase classname="dinocpu.SmallTestsTesterLab4" name="Non-Combinational Pipelined CPU should run rtype subw2" time="0.802">
                                                 
                                               </testcase><testcase classname="dinocpu.SmallTestsTesterLab4" name="Non-Combinational Pipelined CPU should run rtype subw3" time="0.738">
                                                 
                                               </testcase><testcase classname="dinocpu.SmallTestsTesterLab4" name="Non-Combinational Pipelined CPU should run rtype and" time="0.755">
                                                 
                                               </testcase><testcase classname="dinocpu.SmallTestsTesterLab4" name="Non-Combinational Pipelined CPU should run rtype xor" time="0.845">
                                                 
                                               </testcase><testcase classname="dinocpu.SmallTestsTesterLab4" name="Non-Combinational Pipelined CPU should run rtype slt" time="0.749">
                                                 
                                               </testcase><testcase classname="dinocpu.SmallTestsTesterLab4" name="Non-Combinational Pipelined CPU should run rtype slt1" time="0.79">
                                                 
                                               </testcase><testcase classname="dinocpu.SmallTestsTesterLab4" name="Non-Combinational Pipelined CPU should run rtype sltu" time="0.768">
                                                 
                                               </testcase><testcase classname="dinocpu.SmallTestsTesterLab4" name="Non-Combinational Pipelined CPU should run rtype sltu1" time="0.782">
                                                 
                                               </testcase><testcase classname="dinocpu.SmallTestsTesterLab4" name="Non-Combinational Pipelined CPU should run rtype sll" time="0.73">
                                                 
                                               </testcase><testcase classname="dinocpu.SmallTestsTesterLab4" name="Non-Combinational Pipelined CPU should run rtype sll2" time="0.733">
                                                 
                                               </testcase><testcase classname="dinocpu.SmallTestsTesterLab4" name="Non-Combinational Pipelined CPU should run rtype sllw1" time="0.774">
                                                 
                                               </testcase><testcase classname="dinocpu.SmallTestsTesterLab4" name="Non-Combinational Pipelined CPU should run rtype sllw2" time="0.699">
                                                 
                                               </testcase><testcase classname="dinocpu.SmallTestsTesterLab4" name="Non-Combinational Pipelined CPU should run rtype sllw3" time="0.704">
                                                 
                                               </testcase><testcase classname="dinocpu.SmallTestsTesterLab4" name="Non-Combinational Pipelined CPU should run rtype sllw4" time="0.721">
                                                 
                                               </testcase><testcase classname="dinocpu.SmallTestsTesterLab4" name="Non-Combinational Pipelined CPU should run rtype srl" time="0.778">
                                                 
                                               </testcase><testcase classname="dinocpu.SmallTestsTesterLab4" name="Non-Combinational Pipelined CPU should run rtype srl2" time="0.699">
                                                 
                                               </testcase><testcase classname="dinocpu.SmallTestsTesterLab4" name="Non-Combinational Pipelined CPU should run rtype srlw1" time="0.701">
                                                 
                                               </testcase><testcase classname="dinocpu.SmallTestsTesterLab4" name="Non-Combinational Pipelined CPU should run rtype srlw2" time="0.704">
                                                 
                                               </testcase><testcase classname="dinocpu.SmallTestsTesterLab4" name="Non-Combinational Pipelined CPU should run rtype srlw3" time="0.691">
                                                 
                                               </testcase><testcase classname="dinocpu.SmallTestsTesterLab4" name="Non-Combinational Pipelined CPU should run rtype srlw4" time="0.735">
                                                 
                                               </testcase><testcase classname="dinocpu.SmallTestsTesterLab4" name="Non-Combinational Pipelined CPU should run rtype sra" time="0.71">
                                                 
                                               </testcase><testcase classname="dinocpu.SmallTestsTesterLab4" name="Non-Combinational Pipelined CPU should run rtype sra2" time="0.718">
                                                 
                                               </testcase><testcase classname="dinocpu.SmallTestsTesterLab4" name="Non-Combinational Pipelined CPU should run rtype sraw1" time="0.745">
                                                 
                                               </testcase><testcase classname="dinocpu.SmallTestsTesterLab4" name="Non-Combinational Pipelined CPU should run rtype sraw2" time="0.683">
                                                 
                                               </testcase><testcase classname="dinocpu.SmallTestsTesterLab4" name="Non-Combinational Pipelined CPU should run rtype sraw3" time="0.685">
                                                 
                                               </testcase><testcase classname="dinocpu.SmallTestsTesterLab4" name="Non-Combinational Pipelined CPU should run jump jal" time="0.708">
                                                 
                                               </testcase><testcase classname="dinocpu.SmallTestsTesterLab4" name="Non-Combinational Pipelined CPU should run jump jalr0" time="0.765">
                                                 
                                               </testcase><testcase classname="dinocpu.SmallTestsTesterLab4" name="Non-Combinational Pipelined CPU should run jump jalr1" time="0.705">
                                                 
                                               </testcase><testcase classname="dinocpu.SmallTestsTesterLab4" name="Non-Combinational Pipelined CPU should run utypeMultiCycle auipc1" time="0.703">
                                                 
                                               </testcase><testcase classname="dinocpu.SmallTestsTesterLab4" name="Non-Combinational Pipelined CPU should run utypeMultiCycle auipc3" time="0.683">
                                                 
                                               </testcase><testcase classname="dinocpu.SmallTestsTesterLab4" name="Non-Combinational Pipelined CPU should run branch beq-False" time="0.688">
                                                 
                                               </testcase><testcase classname="dinocpu.SmallTestsTesterLab4" name="Non-Combinational Pipelined CPU should run branch beq-True" time="0.705">
                                                 
                                               </testcase><testcase classname="dinocpu.SmallTestsTesterLab4" name="Non-Combinational Pipelined CPU should run branch bne-False" time="0.689">
                                                 
                                               </testcase><testcase classname="dinocpu.SmallTestsTesterLab4" name="Non-Combinational Pipelined CPU should run branch bne-True" time="0.693">
                                                 
                                               </testcase><testcase classname="dinocpu.SmallTestsTesterLab4" name="Non-Combinational Pipelined CPU should run branch blt-False" time="0.687">
                                                 
                                               </testcase><testcase classname="dinocpu.SmallTestsTesterLab4" name="Non-Combinational Pipelined CPU should run branch blt-False-equal" time="0.684">
                                                 
                                               </testcase><testcase classname="dinocpu.SmallTestsTesterLab4" name="Non-Combinational Pipelined CPU should run branch blt-True" time="0.694">
                                                 
                                               </testcase><testcase classname="dinocpu.SmallTestsTesterLab4" name="Non-Combinational Pipelined CPU should run branch blt-False-signed" time="0.701">
                                                 
                                               </testcase><testcase classname="dinocpu.SmallTestsTesterLab4" name="Non-Combinational Pipelined CPU should run branch blt-True-signed" time="0.693">
                                                 
                                               </testcase><testcase classname="dinocpu.SmallTestsTesterLab4" name="Non-Combinational Pipelined CPU should run branch bge-False" time="0.689">
                                                 
                                               </testcase><testcase classname="dinocpu.SmallTestsTesterLab4" name="Non-Combinational Pipelined CPU should run branch bge-True" time="0.681">
                                                 
                                               </testcase><testcase classname="dinocpu.SmallTestsTesterLab4" name="Non-Combinational Pipelined CPU should run branch bge-False-signed" time="0.714">
                                                 
                                               </testcase><testcase classname="dinocpu.SmallTestsTesterLab4" name="Non-Combinational Pipelined CPU should run branch bge-True-signed" time="0.719">
                                                 
                                               </testcase><testcase classname="dinocpu.SmallTestsTesterLab4" name="Non-Combinational Pipelined CPU should run branch bge-True-equal" time="0.732">
                                                 
                                               </testcase><testcase classname="dinocpu.SmallTestsTesterLab4" name="Non-Combinational Pipelined CPU should run branch bltu-False" time="0.718">
                                                 
                                               </testcase><testcase classname="dinocpu.SmallTestsTesterLab4" name="Non-Combinational Pipelined CPU should run branch bltu-True" time="0.689">
                                                 
                                               </testcase><testcase classname="dinocpu.SmallTestsTesterLab4" name="Non-Combinational Pipelined CPU should run branch bgeu-False" time="0.685">
                                                 
                                               </testcase><testcase classname="dinocpu.SmallTestsTesterLab4" name="Non-Combinational Pipelined CPU should run branch bgeu-True" time="0.674">
                                                 
                                               </testcase><testcase classname="dinocpu.SmallTestsTesterLab4" name="Non-Combinational Pipelined CPU should run itypeMultiCycle addi2" time="0.706">
                                                 
                                               </testcase><testcase classname="dinocpu.SmallTestsTesterLab4" name="Non-Combinational Pipelined CPU should run memoryMultiCycle lwfwd" time="0.703">
                                                 
                                               </testcase><testcase classname="dinocpu.SmallTestsTesterLab4" name="Non-Combinational Pipelined CPU should run memoryMultiCycle ldfwd" time="0.676">
                                                 
                                               </testcase><testcase classname="dinocpu.SmallTestsTesterLab4" name="Non-Combinational Pipelined CPU should run memoryMultiCycle swfwd1" time="0.699">
                                                 
                                               </testcase><testcase classname="dinocpu.SmallTestsTesterLab4" name="Non-Combinational Pipelined CPU should run memoryMultiCycle swfwd2" time="0.704">
                                                 
                                               </testcase><testcase classname="dinocpu.SmallTestsTesterLab4" name="Non-Combinational Pipelined CPU should run itype addi1" time="0.678">
                                                 
                                               </testcase><testcase classname="dinocpu.SmallTestsTesterLab4" name="Non-Combinational Pipelined CPU should run itype addiw1" time="0.699">
                                                 
                                               </testcase><testcase classname="dinocpu.SmallTestsTesterLab4" name="Non-Combinational Pipelined CPU should run itype addiw2" time="0.76">
                                                 
                                               </testcase><testcase classname="dinocpu.SmallTestsTesterLab4" name="Non-Combinational Pipelined CPU should run itype addiw3" time="0.689">
                                                 
                                               </testcase><testcase classname="dinocpu.SmallTestsTesterLab4" name="Non-Combinational Pipelined CPU should run itype slli" time="0.704">
                                                 
                                               </testcase><testcase classname="dinocpu.SmallTestsTesterLab4" name="Non-Combinational Pipelined CPU should run itype slli2" time="0.677">
                                                 
                                               </testcase><testcase classname="dinocpu.SmallTestsTesterLab4" name="Non-Combinational Pipelined CPU should run itype slliw1" time="0.687">
                                                 
                                               </testcase><testcase classname="dinocpu.SmallTestsTesterLab4" name="Non-Combinational Pipelined CPU should run itype slliw2" time="0.736">
                                                 
                                               </testcase><testcase classname="dinocpu.SmallTestsTesterLab4" name="Non-Combinational Pipelined CPU should run itype slliw3" time="0.671">
                                                 
                                               </testcase><testcase classname="dinocpu.SmallTestsTesterLab4" name="Non-Combinational Pipelined CPU should run itype srai" time="0.661">
                                                 
                                               </testcase><testcase classname="dinocpu.SmallTestsTesterLab4" name="Non-Combinational Pipelined CPU should run itype srai-negative" time="0.66">
                                                 
                                               </testcase><testcase classname="dinocpu.SmallTestsTesterLab4" name="Non-Combinational Pipelined CPU should run itype sraiw1" time="0.663">
                                                 
                                               </testcase><testcase classname="dinocpu.SmallTestsTesterLab4" name="Non-Combinational Pipelined CPU should run itype sraiw2" time="0.656">
                                                 
                                               </testcase><testcase classname="dinocpu.SmallTestsTesterLab4" name="Non-Combinational Pipelined CPU should run itype srli" time="0.725">
                                                 
                                               </testcase><testcase classname="dinocpu.SmallTestsTesterLab4" name="Non-Combinational Pipelined CPU should run itype srli2" time="0.686">
                                                 
                                               </testcase><testcase classname="dinocpu.SmallTestsTesterLab4" name="Non-Combinational Pipelined CPU should run itype srliw1" time="0.689">
                                                 
                                               </testcase><testcase classname="dinocpu.SmallTestsTesterLab4" name="Non-Combinational Pipelined CPU should run itype srliw2" time="0.682">
                                                 
                                               </testcase><testcase classname="dinocpu.SmallTestsTesterLab4" name="Non-Combinational Pipelined CPU should run itype srliw3" time="0.688">
                                                 
                                               </testcase><testcase classname="dinocpu.SmallTestsTesterLab4" name="Non-Combinational Pipelined CPU should run itype andi" time="0.674">
                                                 
                                               </testcase><testcase classname="dinocpu.SmallTestsTesterLab4" name="Non-Combinational Pipelined CPU should run itype ori" time="0.689">
                                                 
                                               </testcase><testcase classname="dinocpu.SmallTestsTesterLab4" name="Non-Combinational Pipelined CPU should run itype xori" time="0.679">
                                                 
                                               </testcase><testcase classname="dinocpu.SmallTestsTesterLab4" name="Non-Combinational Pipelined CPU should run itype slti" time="0.696">
                                                 
                                               </testcase><testcase classname="dinocpu.SmallTestsTesterLab4" name="Non-Combinational Pipelined CPU should run itype sltiu" time="0.733">
                                                 
                                               </testcase><testcase classname="dinocpu.SmallTestsTesterLab4" name="Non-Combinational Pipelined CPU should run itype addi-funct7" time="0.691">
                                                 
                                               </testcase><testcase classname="dinocpu.SmallTestsTesterLab4" name="Non-Combinational Pipelined CPU should run utype auipc0" time="0.717">
                                                 
                                               </testcase><testcase classname="dinocpu.SmallTestsTesterLab4" name="Non-Combinational Pipelined CPU should run utype auipc2" time="0.706">
                                                 
                                               </testcase><testcase classname="dinocpu.SmallTestsTesterLab4" name="Non-Combinational Pipelined CPU should run utype lui0" time="0.668">
                                                 
                                               </testcase><testcase classname="dinocpu.SmallTestsTesterLab4" name="Non-Combinational Pipelined CPU should run utype lui1" time="0.667">
                                                 
                                               </testcase><testcase classname="dinocpu.SmallTestsTesterLab4" name="Non-Combinational Pipelined CPU should run branchMultiCycle beqfwd1" time="0.671">
                                                 
                                               </testcase><testcase classname="dinocpu.SmallTestsTesterLab4" name="Non-Combinational Pipelined CPU should run branchMultiCycle beqfwd2" time="0.697">
                                                 
                                               </testcase><testcase classname="dinocpu.SmallTestsTesterLab4" name="Non-Combinational Pipelined CPU should run rtypeMultiCycle addfwd" time="0.659">
                                                 
                                               </testcase><testcase classname="dinocpu.SmallTestsTesterLab4" name="Non-Combinational Pipelined CPU should run rtypeMultiCycle swapxor" time="0.684">
                                                 
                                               </testcase><testcase classname="dinocpu.SmallTestsTesterLab4" name="Non-Combinational Pipelined CPU should run rtypeMultiCycle power2-512" time="0.681">
                                                 
                                               </testcase><testcase classname="dinocpu.SmallTestsTesterLab4" name="Non-Combinational Pipelined CPU should run rtypeMultiCycle power2-1234" time="0.672">
                                                 
                                               </testcase><testcase classname="dinocpu.SmallTestsTesterLab4" name="Non-Combinational Pipelined CPU should run rtypeMultiCycle power2--65536" time="0.667">
                                                 
                                               </testcase><testcase classname="dinocpu.SmallTestsTesterLab4" name="Non-Combinational Pipelined CPU should run rtypeMultiCycle oppsign-true" time="0.663">
                                                 
                                               </testcase><testcase classname="dinocpu.SmallTestsTesterLab4" name="Non-Combinational Pipelined CPU should run rtypeMultiCycle oppsign-false" time="0.677">
                                                 
                                               </testcase><testcase classname="dinocpu.SmallTestsTesterLab4" name="Non-Combinational Pipelined CPU should run rtypeMultiCycle rotR" time="0.688">
                                                 
                                               </testcase><testcase classname="dinocpu.SmallTestsTesterLab4" name="Non-Combinational Pipelined CPU should run rtypeMExtension mul-zero-positive" time="0.67">
                                                 
                                               </testcase><testcase classname="dinocpu.SmallTestsTesterLab4" name="Non-Combinational Pipelined CPU should run rtypeMExtension mul-positive-positive" time="0.66">
                                                 
                                               </testcase><testcase classname="dinocpu.SmallTestsTesterLab4" name="Non-Combinational Pipelined CPU should run rtypeMExtension mul-negative-positive" time="0.678">
                                                 
                                               </testcase><testcase classname="dinocpu.SmallTestsTesterLab4" name="Non-Combinational Pipelined CPU should run rtypeMExtension mul-negative-negative" time="0.712">
                                                 
                                               </testcase><testcase classname="dinocpu.SmallTestsTesterLab4" name="Non-Combinational Pipelined CPU should run rtypeMExtension mul-big-numbers-positive-positive" time="0.654">
                                                 
                                               </testcase><testcase classname="dinocpu.SmallTestsTesterLab4" name="Non-Combinational Pipelined CPU should run rtypeMExtension mul-big-numbers-negative-positive" time="0.673">
                                                 
                                               </testcase><testcase classname="dinocpu.SmallTestsTesterLab4" name="Non-Combinational Pipelined CPU should run rtypeMExtension mul-big-numbers-negative-negative" time="0.686">
                                                 
                                               </testcase><testcase classname="dinocpu.SmallTestsTesterLab4" name="Non-Combinational Pipelined CPU should run rtypeMExtension mulh-zero-positive" time="0.653">
                                                 
                                               </testcase><testcase classname="dinocpu.SmallTestsTesterLab4" name="Non-Combinational Pipelined CPU should run rtypeMExtension mulh-positive-positive" time="0.691">
                                                 
                                               </testcase><testcase classname="dinocpu.SmallTestsTesterLab4" name="Non-Combinational Pipelined CPU should run rtypeMExtension mulh-negative-positive" time="0.681">
                                                 
                                               </testcase><testcase classname="dinocpu.SmallTestsTesterLab4" name="Non-Combinational Pipelined CPU should run rtypeMExtension mulh-negative-negative" time="0.658">
                                                 
                                               </testcase><testcase classname="dinocpu.SmallTestsTesterLab4" name="Non-Combinational Pipelined CPU should run rtypeMExtension mulh-big-numbers-positive-positive" time="0.654">
                                                 
                                               </testcase><testcase classname="dinocpu.SmallTestsTesterLab4" name="Non-Combinational Pipelined CPU should run rtypeMExtension mulh-big-numbers-negative-positive" time="0.679">
                                                 
                                               </testcase><testcase classname="dinocpu.SmallTestsTesterLab4" name="Non-Combinational Pipelined CPU should run rtypeMExtension mulh-big-numbers-negative-negative" time="0.701">
                                                 
                                               </testcase><testcase classname="dinocpu.SmallTestsTesterLab4" name="Non-Combinational Pipelined CPU should run rtypeMExtension mulhu-zero" time="0.661">
                                                 
                                               </testcase><testcase classname="dinocpu.SmallTestsTesterLab4" name="Non-Combinational Pipelined CPU should run rtypeMExtension mulhu-small-numbers" time="0.654">
                                                 
                                               </testcase><testcase classname="dinocpu.SmallTestsTesterLab4" name="Non-Combinational Pipelined CPU should run rtypeMExtension mulhu-big-numbers-1" time="0.648">
                                                 
                                               </testcase><testcase classname="dinocpu.SmallTestsTesterLab4" name="Non-Combinational Pipelined CPU should run rtypeMExtension mulhu-big-numbers-2" time="0.65">
                                                 
                                               </testcase><testcase classname="dinocpu.SmallTestsTesterLab4" name="Non-Combinational Pipelined CPU should run rtypeMExtension mulhsu-zero-positive" time="0.658">
                                                 
                                               </testcase><testcase classname="dinocpu.SmallTestsTesterLab4" name="Non-Combinational Pipelined CPU should run rtypeMExtension mulhsu-positive-positive" time="0.656">
                                                 
                                               </testcase><testcase classname="dinocpu.SmallTestsTesterLab4" name="Non-Combinational Pipelined CPU should run rtypeMExtension mulhsu-negative-positive" time="0.653">
                                                 
                                               </testcase><testcase classname="dinocpu.SmallTestsTesterLab4" name="Non-Combinational Pipelined CPU should run rtypeMExtension mulhsu-big-numbers-positive-positive" time="0.667">
                                                 
                                               </testcase><testcase classname="dinocpu.SmallTestsTesterLab4" name="Non-Combinational Pipelined CPU should run rtypeMExtension mulhsu-big-numbers-negative-positive-1" time="0.674">
                                                 
                                               </testcase><testcase classname="dinocpu.SmallTestsTesterLab4" name="Non-Combinational Pipelined CPU should run rtypeMExtension mulhsu-big-numbers-negative-positive-2" time="0.666">
                                                 
                                               </testcase><testcase classname="dinocpu.SmallTestsTesterLab4" name="Non-Combinational Pipelined CPU should run rtypeMExtension mulw-zero-positive" time="0.681">
                                                 
                                               </testcase><testcase classname="dinocpu.SmallTestsTesterLab4" name="Non-Combinational Pipelined CPU should run rtypeMExtension mulw-positive-positive" time="0.66">
                                                 
                                               </testcase><testcase classname="dinocpu.SmallTestsTesterLab4" name="Non-Combinational Pipelined CPU should run rtypeMExtension mulw-negative-positive" time="0.649">
                                                 
                                               </testcase><testcase classname="dinocpu.SmallTestsTesterLab4" name="Non-Combinational Pipelined CPU should run rtypeMExtension mulw-negative-negative" time="0.719">
                                                 
                                               </testcase><testcase classname="dinocpu.SmallTestsTesterLab4" name="Non-Combinational Pipelined CPU should run rtypeMExtension mulw-big-numbers-positive-positive" time="0.667">
                                                 
                                               </testcase><testcase classname="dinocpu.SmallTestsTesterLab4" name="Non-Combinational Pipelined CPU should run rtypeMExtension mulw-big-numbers-negative-positive" time="0.667">
                                                 
                                               </testcase><testcase classname="dinocpu.SmallTestsTesterLab4" name="Non-Combinational Pipelined CPU should run rtypeMExtension mulw-big-numbers-negative-negative" time="0.678">
                                                 
                                               </testcase><testcase classname="dinocpu.SmallTestsTesterLab4" name="Non-Combinational Pipelined CPU should run rtypeMExtension div-positive-positive" time="0.648">
                                                 
                                               </testcase><testcase classname="dinocpu.SmallTestsTesterLab4" name="Non-Combinational Pipelined CPU should run rtypeMExtension div-positive-negative" time="0.647">
                                                 
                                               </testcase><testcase classname="dinocpu.SmallTestsTesterLab4" name="Non-Combinational Pipelined CPU should run rtypeMExtension div-negative-negative" time="0.672">
                                                 
                                               </testcase><testcase classname="dinocpu.SmallTestsTesterLab4" name="Non-Combinational Pipelined CPU should run rtypeMExtension div-division-by-zero" time="0.649">
                                                 
                                               </testcase><testcase classname="dinocpu.SmallTestsTesterLab4" name="Non-Combinational Pipelined CPU should run rtypeMExtension div-overflow" time="0.657">
                                                 
                                               </testcase><testcase classname="dinocpu.SmallTestsTesterLab4" name="Non-Combinational Pipelined CPU should run rtypeMExtension rem-positive-positive" time="0.709">
                                                 
                                               </testcase><testcase classname="dinocpu.SmallTestsTesterLab4" name="Non-Combinational Pipelined CPU should run rtypeMExtension rem-positive-negative" time="0.645">
                                                 
                                               </testcase><testcase classname="dinocpu.SmallTestsTesterLab4" name="Non-Combinational Pipelined CPU should run rtypeMExtension rem-negative-positive" time="0.663">
                                                 
                                               </testcase><testcase classname="dinocpu.SmallTestsTesterLab4" name="Non-Combinational Pipelined CPU should run rtypeMExtension rem-negative-negative" time="0.709">
                                                 
                                               </testcase><testcase classname="dinocpu.SmallTestsTesterLab4" name="Non-Combinational Pipelined CPU should run rtypeMExtension rem-division-by-zero" time="0.647">
                                                 
                                               </testcase><testcase classname="dinocpu.SmallTestsTesterLab4" name="Non-Combinational Pipelined CPU should run rtypeMExtension rem-overflow" time="0.661">
                                                 
                                               </testcase><testcase classname="dinocpu.SmallTestsTesterLab4" name="Non-Combinational Pipelined CPU should run rtypeMExtension divu-1" time="0.661">
                                                 
                                               </testcase><testcase classname="dinocpu.SmallTestsTesterLab4" name="Non-Combinational Pipelined CPU should run rtypeMExtension divu-2" time="0.652">
                                                 
                                               </testcase><testcase classname="dinocpu.SmallTestsTesterLab4" name="Non-Combinational Pipelined CPU should run rtypeMExtension divu-division-by-zero" time="0.655">
                                                 
                                               </testcase><testcase classname="dinocpu.SmallTestsTesterLab4" name="Non-Combinational Pipelined CPU should run rtypeMExtension remu-1" time="0.655">
                                                 
                                               </testcase><testcase classname="dinocpu.SmallTestsTesterLab4" name="Non-Combinational Pipelined CPU should run rtypeMExtension remu-2" time="0.68">
                                                 
                                               </testcase><testcase classname="dinocpu.SmallTestsTesterLab4" name="Non-Combinational Pipelined CPU should run rtypeMExtension remu-division-by-zero" time="0.664">
                                                 
                                               </testcase><testcase classname="dinocpu.SmallTestsTesterLab4" name="Non-Combinational Pipelined CPU should run rtypeMExtension divw-positive-positive" time="0.647">
                                                 
                                               </testcase><testcase classname="dinocpu.SmallTestsTesterLab4" name="Non-Combinational Pipelined CPU should run rtypeMExtension divw-positive-negative" time="0.719">
                                                 
                                               </testcase><testcase classname="dinocpu.SmallTestsTesterLab4" name="Non-Combinational Pipelined CPU should run rtypeMExtension divw-negative-negative" time="0.647">
                                                 
                                               </testcase><testcase classname="dinocpu.SmallTestsTesterLab4" name="Non-Combinational Pipelined CPU should run rtypeMExtension divw-sign-extension" time="0.655">
                                                 
                                               </testcase><testcase classname="dinocpu.SmallTestsTesterLab4" name="Non-Combinational Pipelined CPU should run rtypeMExtension divw-division-by-zero" time="0.67">
                                                 
                                               </testcase><testcase classname="dinocpu.SmallTestsTesterLab4" name="Non-Combinational Pipelined CPU should run rtypeMExtension divw-overflow" time="0.695">
                                                 
                                               </testcase><testcase classname="dinocpu.SmallTestsTesterLab4" name="Non-Combinational Pipelined CPU should run rtypeMExtension remw-positive-positive" time="0.656">
                                                 
                                               </testcase><testcase classname="dinocpu.SmallTestsTesterLab4" name="Non-Combinational Pipelined CPU should run rtypeMExtension remw-positive-negative" time="0.667">
                                                 
                                               </testcase><testcase classname="dinocpu.SmallTestsTesterLab4" name="Non-Combinational Pipelined CPU should run rtypeMExtension remw-negative-negative" time="0.653">
                                                 
                                               </testcase><testcase classname="dinocpu.SmallTestsTesterLab4" name="Non-Combinational Pipelined CPU should run rtypeMExtension remw-sign-extension" time="0.647">
                                                 
                                               </testcase><testcase classname="dinocpu.SmallTestsTesterLab4" name="Non-Combinational Pipelined CPU should run rtypeMExtension remw-division-by-zero" time="0.663">
                                                 
                                               </testcase><testcase classname="dinocpu.SmallTestsTesterLab4" name="Non-Combinational Pipelined CPU should run rtypeMExtension remw-overflow" time="0.666">
                                                 
                                               </testcase><testcase classname="dinocpu.SmallTestsTesterLab4" name="Non-Combinational Pipelined CPU should run rtypeMExtension divuw-1" time="0.641">
                                                 
                                               </testcase><testcase classname="dinocpu.SmallTestsTesterLab4" name="Non-Combinational Pipelined CPU should run rtypeMExtension divuw-2" time="0.668">
                                                 
                                               </testcase><testcase classname="dinocpu.SmallTestsTesterLab4" name="Non-Combinational Pipelined CPU should run rtypeMExtension divuw-division-by-zero" time="0.65">
                                                 
                                               </testcase><testcase classname="dinocpu.SmallTestsTesterLab4" name="Non-Combinational Pipelined CPU should run rtypeMExtension remuw-1" time="0.641">
                                                 
                                               </testcase><testcase classname="dinocpu.SmallTestsTesterLab4" name="Non-Combinational Pipelined CPU should run rtypeMExtension remuw-2" time="0.658">
                                                 
                                               </testcase><testcase classname="dinocpu.SmallTestsTesterLab4" name="Non-Combinational Pipelined CPU should run rtypeMExtension remuw-division-by-zero" time="0.674">
                                                 
                                               </testcase><testcase classname="dinocpu.SmallTestsTesterLab4" name="Non-Combinational Pipelined CPU should run smallApplications fibonacci" time="0.873">
                                                 
                                               </testcase><testcase classname="dinocpu.SmallTestsTesterLab4" name="Non-Combinational Pipelined CPU should run smallApplications naturalsum" time="0.847">
                                                 
                                               </testcase><testcase classname="dinocpu.SmallTestsTesterLab4" name="Non-Combinational Pipelined CPU should run smallApplications multiplier" time="0.854">
                                                 
                                               </testcase><testcase classname="dinocpu.SmallTestsTesterLab4" name="Non-Combinational Pipelined CPU should run smallApplications divider" time="1.168">
                                                 
                                               </testcase><testcase classname="dinocpu.SmallTestsTesterLab4" name="Non-Combinational Pipelined CPU should run memory lw1" time="0.697">
                                                 
                                               </testcase><testcase classname="dinocpu.SmallTestsTesterLab4" name="Non-Combinational Pipelined CPU should run memory lb" time="0.658">
                                                 
                                               </testcase><testcase classname="dinocpu.SmallTestsTesterLab4" name="Non-Combinational Pipelined CPU should run memory lh" time="0.654">
                                                 
                                               </testcase><testcase classname="dinocpu.SmallTestsTesterLab4" name="Non-Combinational Pipelined CPU should run memory lbu" time="0.643">
                                                 
                                               </testcase><testcase classname="dinocpu.SmallTestsTesterLab4" name="Non-Combinational Pipelined CPU should run memory lhu" time="0.643">
                                                 
                                               </testcase><testcase classname="dinocpu.SmallTestsTesterLab4" name="Non-Combinational Pipelined CPU should run memory lb1" time="0.666">
                                                 
                                               </testcase><testcase classname="dinocpu.SmallTestsTesterLab4" name="Non-Combinational Pipelined CPU should run memory lh1" time="0.67">
                                                 
                                               </testcase><testcase classname="dinocpu.SmallTestsTesterLab4" name="Non-Combinational Pipelined CPU should run memory lwu" time="0.66">
                                                 
                                               </testcase><testcase classname="dinocpu.SmallTestsTesterLab4" name="Non-Combinational Pipelined CPU should run memory lwu1" time="0.648">
                                                 
                                               </testcase><testcase classname="dinocpu.SmallTestsTesterLab4" name="Non-Combinational Pipelined CPU should run memory ld1" time="0.648">
                                                 
                                               </testcase><testcase classname="dinocpu.SmallTestsTesterLab4" name="Non-Combinational Pipelined CPU should run memory ld2" time="0.65">
                                                 
                                               </testcase><testcase classname="dinocpu.SmallTestsTesterLab4" name="Non-Combinational Pipelined CPU should run memory sw" time="0.652">
                                                 
                                               </testcase><testcase classname="dinocpu.SmallTestsTesterLab4" name="Non-Combinational Pipelined CPU should run memory sw2" time="0.66">
                                                 
                                               </testcase><testcase classname="dinocpu.SmallTestsTesterLab4" name="Non-Combinational Pipelined CPU should run memory sb" time="0.677">
                                                 
                                               </testcase><testcase classname="dinocpu.SmallTestsTesterLab4" name="Non-Combinational Pipelined CPU should run memory sh" time="0.658">
                                                 
                                               </testcase><testcase classname="dinocpu.SmallTestsTesterLab4" name="Non-Combinational Pipelined CPU should run memory sd1" time="0.657">
                                                 
                                               </testcase><testcase classname="dinocpu.SmallTestsTesterLab4" name="Non-Combinational Pipelined CPU should run memory sd2" time="0.651">
                                                 
                                               </testcase>
                     <system-out><![CDATA[]]></system-out>
                     <system-err><![CDATA[]]></system-err>
                   </testsuite>